<?xml version="1.0" encoding="UTF-8"?>
<testsuite name="PasswordCheckerTest" tests="6" skipped="0" failures="0" errors="0" timestamp="2020-01-14T10:01:15" hostname="kali" time="0.021">
  <properties/>
  <testcase name="testExistence()" classname="PasswordCheckerTest" time="0.009"/>
  <testcase name="UpperCaseChars()" classname="PasswordCheckerTest" time="0.001"/>
  <testcase name="testLowerCaseChars()" classname="PasswordCheckerTest" time="0.0"/>
  <testcase name="testSpecialCharacter()" classname="PasswordCheckerTest" time="0.001"/>
  <testcase name="testLength()" classname="PasswordCheckerTest" time="0.001"/>
  <testcase name="testNumbers()" classname="PasswordCheckerTest" time="0.001"/>
  <system-out><![CDATA[]]></system-out>
  <system-err><![CDATA[]]></system-err>
</testsuite>
